[2023-12-22 19:27:21,982: 39: logger: INFO: common:  yaml file: src/config/config.yaml loaded successfully]
[2023-12-22 19:27:21,985: 39: logger: INFO: common:  yaml file: src/params.yaml loaded successfully]
[2023-12-22 19:27:52,886: 39: logger: INFO: common:  yaml file: src/config/config.yaml loaded successfully]
[2023-12-22 19:27:52,889: 39: logger: INFO: common:  yaml file: src/params.yaml loaded successfully]
[2023-12-22 19:27:55,810: 39: logger: INFO: common:  yaml file: src/config/config.yaml loaded successfully]
[2023-12-22 19:27:55,813: 39: logger: INFO: common:  yaml file: src/params.yaml loaded successfully]
[2023-12-22 19:27:55,814: 75: logger: ERROR: configuration:  The 'optimizator' attribute does not exist in the config file.]
[2023-12-22 19:29:27,377: 39: logger: INFO: common:  yaml file: src/config/config.yaml loaded successfully]
[2023-12-22 19:29:27,381: 39: logger: INFO: common:  yaml file: src/params.yaml loaded successfully]
[2023-12-22 19:29:27,382: 75: logger: ERROR: configuration:  The 'optimizator' attribute does not exist in the config file.]
[2023-12-22 19:29:35,587: 39: logger: INFO: common:  yaml file: src/config/config.yaml loaded successfully]
[2023-12-22 19:29:35,590: 39: logger: INFO: common:  yaml file: src/params.yaml loaded successfully]
[2023-12-22 19:29:35,596: 75: logger: ERROR: configuration:  The 'optimizator' attribute does not exist in the config file.]
[2023-12-22 19:30:37,065: 45: logger: INFO: common:  An exception [Errno 2] No such file or directory: 'src/config/config.yaml' has occurred]
[2023-12-22 19:30:37,066: 49: logger: ERROR: configuration:  Error reading config file: src/config/config.yaml. Error: [Errno 2] No such file or directory: 'src/config/config.yaml']
[2023-12-22 19:31:15,710: 39: logger: INFO: common:  yaml file: src/config/config.yaml loaded successfully]
[2023-12-22 19:31:15,714: 39: logger: INFO: common:  yaml file: src/params.yaml loaded successfully]
[2023-12-22 19:31:15,715: 75: logger: ERROR: configuration:  The 'optimizator' attribute does not exist in the config file.]
[2023-12-22 19:31:48,230: 39: logger: INFO: common:  yaml file: src/config/config.yaml loaded successfully]
[2023-12-22 19:31:48,233: 39: logger: INFO: common:  yaml file: src/params.yaml loaded successfully]
[2023-12-22 19:32:17,933: 39: logger: INFO: common:  yaml file: src/config/config.yaml loaded successfully]
[2023-12-22 19:32:17,937: 39: logger: INFO: common:  yaml file: src/params.yaml loaded successfully]
[2023-12-22 19:33:26,833: 39: logger: INFO: common:  yaml file: src/config/config.yaml loaded successfully]
[2023-12-22 19:33:26,837: 39: logger: INFO: common:  yaml file: src/params.yaml loaded successfully]
[2023-12-22 20:12:21,324: 39: logger: INFO: common:  yaml file: src/config/config.yaml loaded successfully]
[2023-12-22 20:12:21,328: 39: logger: INFO: common:  yaml file: src/params.yaml loaded successfully]
[2023-12-22 20:12:57,737: 39: logger: INFO: common:  yaml file: src/config/config.yaml loaded successfully]
[2023-12-22 20:12:57,740: 39: logger: INFO: common:  yaml file: src/params.yaml loaded successfully]
[2023-12-22 20:13:08,810: 39: logger: INFO: common:  yaml file: src/config/config.yaml loaded successfully]
[2023-12-22 20:13:08,814: 39: logger: INFO: common:  yaml file: src/params.yaml loaded successfully]
[2023-12-22 20:13:21,449: 39: logger: INFO: common:  yaml file: src/config/config.yaml loaded successfully]
[2023-12-22 20:13:21,453: 39: logger: INFO: common:  yaml file: src/params.yaml loaded successfully]
[2023-12-22 20:24:58,809: 39: logger: INFO: common:  yaml file: src/config/config.yaml loaded successfully]
[2023-12-22 20:24:58,813: 39: logger: INFO: common:  yaml file: src/params.yaml loaded successfully]
[2023-12-22 20:25:24,314: 39: logger: INFO: common:  yaml file: src/config/config.yaml loaded successfully]
[2023-12-22 20:25:24,318: 39: logger: INFO: common:  yaml file: src/params.yaml loaded successfully]
[2023-12-22 20:25:49,964: 39: logger: INFO: common:  yaml file: src/config/config.yaml loaded successfully]
[2023-12-22 20:25:49,968: 39: logger: INFO: common:  yaml file: src/params.yaml loaded successfully]
[2023-12-22 20:26:14,161: 39: logger: INFO: common:  yaml file: src/config/config.yaml loaded successfully]
[2023-12-22 20:26:14,166: 39: logger: INFO: common:  yaml file: src/params.yaml loaded successfully]
[2023-12-22 20:26:43,441: 39: logger: INFO: common:  yaml file: src/config/config.yaml loaded successfully]
[2023-12-22 20:26:43,444: 39: logger: INFO: common:  yaml file: src/params.yaml loaded successfully]
[2023-12-22 20:27:09,330: 39: logger: INFO: common:  yaml file: src/config/config.yaml loaded successfully]
[2023-12-22 20:27:09,334: 39: logger: INFO: common:  yaml file: src/params.yaml loaded successfully]
[2023-12-22 20:27:29,272: 39: logger: INFO: common:  yaml file: src/config/config.yaml loaded successfully]
[2023-12-22 20:27:29,275: 39: logger: INFO: common:  yaml file: src/params.yaml loaded successfully]
[2023-12-22 20:29:20,006: 39: logger: INFO: common:  yaml file: src/config/config.yaml loaded successfully]
[2023-12-22 20:29:20,009: 39: logger: INFO: common:  yaml file: src/params.yaml loaded successfully]
[2023-12-22 20:29:52,312: 39: logger: INFO: common:  yaml file: src/config/config.yaml loaded successfully]
[2023-12-22 20:29:52,317: 39: logger: INFO: common:  yaml file: src/params.yaml loaded successfully]
[2023-12-22 20:46:26,848: 39: logger: INFO: common:  yaml file: src/config/config.yaml loaded successfully]
[2023-12-22 20:46:26,851: 39: logger: INFO: common:  yaml file: src/params.yaml loaded successfully]
[2023-12-22 20:48:30,049: 39: logger: INFO: common:  yaml file: src/config/config.yaml loaded successfully]
[2023-12-22 20:48:30,053: 39: logger: INFO: common:  yaml file: src/params.yaml loaded successfully]
[2023-12-22 20:53:14,945: 39: logger: INFO: common:  yaml file: src/config/config.yaml loaded successfully]
[2023-12-22 20:53:14,949: 39: logger: INFO: common:  yaml file: src/params.yaml loaded successfully]
[2023-12-22 20:57:50,752: 39: logger: INFO: common:  yaml file: src/config/config.yaml loaded successfully]
[2023-12-22 20:57:50,756: 39: logger: INFO: common:  yaml file: src/params.yaml loaded successfully]
[2023-12-22 21:05:56,343: 39: logger: INFO: common:  yaml file: src/config/config.yaml loaded successfully]
[2023-12-22 21:05:56,346: 39: logger: INFO: common:  yaml file: src/params.yaml loaded successfully]
[2023-12-22 21:06:28,419: 39: logger: INFO: common:  yaml file: src/config/config.yaml loaded successfully]
[2023-12-22 21:06:28,423: 39: logger: INFO: common:  yaml file: src/params.yaml loaded successfully]
[2023-12-22 21:06:48,786: 39: logger: INFO: common:  yaml file: src/config/config.yaml loaded successfully]
[2023-12-22 21:06:48,789: 39: logger: INFO: common:  yaml file: src/params.yaml loaded successfully]
[2023-12-22 21:08:12,718: 39: logger: INFO: common:  yaml file: src/config/config.yaml loaded successfully]
[2023-12-22 21:08:12,722: 39: logger: INFO: common:  yaml file: src/params.yaml loaded successfully]
[2023-12-22 21:09:06,595: 39: logger: INFO: common:  yaml file: src/config/config.yaml loaded successfully]
[2023-12-22 21:09:06,599: 39: logger: INFO: common:  yaml file: src/params.yaml loaded successfully]
[2023-12-22 21:09:35,877: 39: logger: INFO: common:  yaml file: src/config/config.yaml loaded successfully]
[2023-12-22 21:09:35,880: 39: logger: INFO: common:  yaml file: src/params.yaml loaded successfully]
[2023-12-22 21:19:55,191: 39: logger: INFO: common:  yaml file: src/config/config.yaml loaded successfully]
[2023-12-22 21:19:55,194: 39: logger: INFO: common:  yaml file: src/params.yaml loaded successfully]
[2023-12-22 21:34:28,629: 39: logger: INFO: common:  yaml file: src/config/config.yaml loaded successfully]
[2023-12-22 21:34:28,633: 39: logger: INFO: common:  yaml file: src/params.yaml loaded successfully]
[2023-12-22 21:34:51,455: 39: logger: INFO: common:  yaml file: src/config/config.yaml loaded successfully]
[2023-12-22 21:34:51,458: 39: logger: INFO: common:  yaml file: src/params.yaml loaded successfully]
[2023-12-22 21:46:06,865: 39: logger: INFO: common:  yaml file: src/config/config.yaml loaded successfully]
[2023-12-22 21:46:06,869: 39: logger: INFO: common:  yaml file: src/params.yaml loaded successfully]
[2023-12-22 21:46:38,595: 39: logger: INFO: common:  yaml file: src/config/config.yaml loaded successfully]
[2023-12-22 21:46:38,598: 39: logger: INFO: common:  yaml file: src/params.yaml loaded successfully]
[2023-12-22 21:47:28,042: 39: logger: INFO: common:  yaml file: src/config/config.yaml loaded successfully]
[2023-12-22 21:47:28,046: 39: logger: INFO: common:  yaml file: src/params.yaml loaded successfully]
[2023-12-22 21:47:57,057: 39: logger: INFO: common:  yaml file: src/config/config.yaml loaded successfully]
[2023-12-22 21:47:57,061: 39: logger: INFO: common:  yaml file: src/params.yaml loaded successfully]
[2023-12-22 22:07:40,829: 39: logger: INFO: common:  yaml file: src/config/config.yaml loaded successfully]
[2023-12-22 22:07:40,833: 39: logger: INFO: common:  yaml file: src/params.yaml loaded successfully]
[2023-12-22 22:13:09,172: 39: logger: INFO: common:  yaml file: src/config/config.yaml loaded successfully]
[2023-12-22 22:13:09,176: 39: logger: INFO: common:  yaml file: src/params.yaml loaded successfully]
[2023-12-22 22:16:16,267: 39: logger: INFO: common:  yaml file: src/config/config.yaml loaded successfully]
[2023-12-22 22:16:16,270: 39: logger: INFO: common:  yaml file: src/params.yaml loaded successfully]
[2023-12-22 22:21:46,363: 39: logger: INFO: common:  yaml file: src/config/config.yaml loaded successfully]
[2023-12-22 22:21:46,366: 39: logger: INFO: common:  yaml file: src/params.yaml loaded successfully]
[2023-12-22 22:22:10,700: 39: logger: INFO: common:  yaml file: src/config/config.yaml loaded successfully]
[2023-12-22 22:22:10,704: 39: logger: INFO: common:  yaml file: src/params.yaml loaded successfully]
[2023-12-22 22:23:22,727: 39: logger: INFO: common:  yaml file: src/config/config.yaml loaded successfully]
[2023-12-22 22:23:22,729: 39: logger: INFO: common:  yaml file: src/params.yaml loaded successfully]
[2023-12-22 22:50:13,492: 39: logger: INFO: common:  yaml file: src/config/config.yaml loaded successfully]
[2023-12-22 22:50:13,495: 39: logger: INFO: common:  yaml file: src/params.yaml loaded successfully]
[2023-12-22 22:58:37,316: 39: logger: INFO: common:  yaml file: src/config/config.yaml loaded successfully]
[2023-12-22 22:58:37,319: 39: logger: INFO: common:  yaml file: src/params.yaml loaded successfully]
[2023-12-22 22:58:53,986: 39: logger: INFO: common:  yaml file: src/config/config.yaml loaded successfully]
[2023-12-22 22:58:53,988: 39: logger: INFO: common:  yaml file: src/params.yaml loaded successfully]
[2023-12-22 23:33:54,536: 39: logger: INFO: common:  yaml file: src/config/config.yaml loaded successfully]
[2023-12-22 23:33:54,540: 39: logger: INFO: common:  yaml file: src/params.yaml loaded successfully]
[2023-12-23 00:40:29,924: 39: logger: INFO: common:  yaml file: src/config/config.yaml loaded successfully]
[2023-12-23 00:40:29,927: 39: logger: INFO: common:  yaml file: src/params.yaml loaded successfully]
[2023-12-23 00:41:00,062: 39: logger: INFO: common:  yaml file: src/config/config.yaml loaded successfully]
[2023-12-23 00:41:00,065: 39: logger: INFO: common:  yaml file: src/params.yaml loaded successfully]
[2023-12-23 00:41:53,036: 39: logger: INFO: common:  yaml file: src/config/config.yaml loaded successfully]
[2023-12-23 00:41:53,040: 39: logger: INFO: common:  yaml file: src/params.yaml loaded successfully]
[2023-12-23 00:42:22,464: 39: logger: INFO: common:  yaml file: src/config/config.yaml loaded successfully]
[2023-12-23 00:42:22,467: 39: logger: INFO: common:  yaml file: src/params.yaml loaded successfully]
[2023-12-23 00:43:03,852: 39: logger: INFO: common:  yaml file: src/config/config.yaml loaded successfully]
[2023-12-23 00:43:03,855: 39: logger: INFO: common:  yaml file: src/params.yaml loaded successfully]
[2023-12-23 00:46:00,051: 39: logger: INFO: common:  yaml file: src/config/config.yaml loaded successfully]
[2023-12-23 00:46:00,055: 39: logger: INFO: common:  yaml file: src/params.yaml loaded successfully]
[2023-12-23 00:46:37,162: 39: logger: INFO: common:  yaml file: src/config/config.yaml loaded successfully]
[2023-12-23 00:46:37,164: 39: logger: INFO: common:  yaml file: src/params.yaml loaded successfully]
[2023-12-23 00:47:42,319: 39: logger: INFO: common:  yaml file: src/config/config.yaml loaded successfully]
[2023-12-23 00:47:42,324: 39: logger: INFO: common:  yaml file: src/params.yaml loaded successfully]
[2023-12-23 00:48:59,462: 39: logger: INFO: common:  yaml file: src/config/config.yaml loaded successfully]
[2023-12-23 00:48:59,465: 39: logger: INFO: common:  yaml file: src/params.yaml loaded successfully]
[2023-12-23 00:49:43,066: 39: logger: INFO: common:  yaml file: src/config/config.yaml loaded successfully]
[2023-12-23 00:49:43,069: 39: logger: INFO: common:  yaml file: src/params.yaml loaded successfully]
[2023-12-23 00:51:48,604: 39: logger: INFO: common:  yaml file: src/config/config.yaml loaded successfully]
[2023-12-23 00:51:48,607: 39: logger: INFO: common:  yaml file: src/params.yaml loaded successfully]
[2023-12-23 00:54:02,168: 39: logger: INFO: common:  yaml file: src/config/config.yaml loaded successfully]
[2023-12-23 00:54:02,172: 39: logger: INFO: common:  yaml file: src/params.yaml loaded successfully]
[2023-12-23 00:59:48,736: 39: logger: INFO: common:  yaml file: src/config/config.yaml loaded successfully]
[2023-12-23 00:59:48,739: 39: logger: INFO: common:  yaml file: src/params.yaml loaded successfully]
[2023-12-23 01:03:36,698: 39: logger: INFO: common:  yaml file: src/config/config.yaml loaded successfully]
[2023-12-23 01:03:36,701: 39: logger: INFO: common:  yaml file: src/params.yaml loaded successfully]
[2023-12-23 01:09:03,991: 39: logger: INFO: common:  yaml file: src/config/config.yaml loaded successfully]
[2023-12-23 01:09:03,994: 39: logger: INFO: common:  yaml file: src/params.yaml loaded successfully]
[2023-12-23 01:17:51,535: 39: logger: INFO: common:  yaml file: src/config/config.yaml loaded successfully]
[2023-12-23 01:17:51,539: 39: logger: INFO: common:  yaml file: src/params.yaml loaded successfully]
[2023-12-23 01:18:40,272: 39: logger: INFO: common:  yaml file: src/config/config.yaml loaded successfully]
[2023-12-23 01:18:40,275: 39: logger: INFO: common:  yaml file: src/params.yaml loaded successfully]
[2023-12-23 01:20:32,612: 39: logger: INFO: common:  yaml file: src/config/config.yaml loaded successfully]
[2023-12-23 01:20:32,616: 39: logger: INFO: common:  yaml file: src/params.yaml loaded successfully]
[2023-12-23 01:21:03,178: 39: logger: INFO: common:  yaml file: src/config/config.yaml loaded successfully]
[2023-12-23 01:21:03,181: 39: logger: INFO: common:  yaml file: src/params.yaml loaded successfully]
[2023-12-23 01:21:26,583: 39: logger: INFO: common:  yaml file: src/config/config.yaml loaded successfully]
[2023-12-23 01:21:26,586: 39: logger: INFO: common:  yaml file: src/params.yaml loaded successfully]
[2023-12-23 01:23:17,922: 39: logger: INFO: common:  yaml file: src/config/config.yaml loaded successfully]
[2023-12-23 01:23:17,926: 39: logger: INFO: common:  yaml file: src/params.yaml loaded successfully]
[2023-12-23 01:34:13,089: 39: logger: INFO: common:  yaml file: src/config/config.yaml loaded successfully]
[2023-12-23 01:34:13,092: 39: logger: INFO: common:  yaml file: src/params.yaml loaded successfully]
[2023-12-23 01:35:34,688: 39: logger: INFO: common:  yaml file: src/config/config.yaml loaded successfully]
[2023-12-23 01:35:34,691: 39: logger: INFO: common:  yaml file: src/params.yaml loaded successfully]
[2023-12-23 10:39:24,958: 39: logger: INFO: common:  yaml file: src/config/config.yaml loaded successfully]
[2023-12-23 10:39:24,967: 39: logger: INFO: common:  yaml file: src/params.yaml loaded successfully]
[2023-12-23 10:39:45,379: 39: logger: INFO: common:  yaml file: src/config/config.yaml loaded successfully]
[2023-12-23 10:39:45,382: 39: logger: INFO: common:  yaml file: src/params.yaml loaded successfully]
[2023-12-23 10:43:17,085: 39: logger: INFO: common:  yaml file: src/config/config.yaml loaded successfully]
[2023-12-23 10:43:17,088: 39: logger: INFO: common:  yaml file: src/params.yaml loaded successfully]
[2023-12-23 11:00:04,745: 39: logger: INFO: common:  yaml file: src/config/config.yaml loaded successfully]
[2023-12-23 11:00:04,748: 39: logger: INFO: common:  yaml file: src/params.yaml loaded successfully]
[2023-12-23 11:38:28,392: 39: logger: INFO: common:  yaml file: src/config/config.yaml loaded successfully]
[2023-12-23 11:38:28,395: 39: logger: INFO: common:  yaml file: src/params.yaml loaded successfully]
[2023-12-23 11:49:46,332: 39: logger: INFO: common:  yaml file: src/config/config.yaml loaded successfully]
[2023-12-23 11:49:46,336: 39: logger: INFO: common:  yaml file: src/params.yaml loaded successfully]
[2023-12-23 11:50:08,735: 39: logger: INFO: common:  yaml file: src/config/config.yaml loaded successfully]
[2023-12-23 11:50:08,738: 39: logger: INFO: common:  yaml file: src/params.yaml loaded successfully]
[2023-12-23 11:51:06,093: 39: logger: INFO: common:  yaml file: src/config/config.yaml loaded successfully]
[2023-12-23 11:51:06,097: 39: logger: INFO: common:  yaml file: src/params.yaml loaded successfully]
[2023-12-23 11:51:28,883: 39: logger: INFO: common:  yaml file: src/config/config.yaml loaded successfully]
[2023-12-23 11:51:28,886: 39: logger: INFO: common:  yaml file: src/params.yaml loaded successfully]
[2023-12-23 11:53:27,295: 39: logger: INFO: common:  yaml file: src/config/config.yaml loaded successfully]
[2023-12-23 11:53:27,299: 39: logger: INFO: common:  yaml file: src/params.yaml loaded successfully]
[2023-12-23 11:53:51,952: 39: logger: INFO: common:  yaml file: src/config/config.yaml loaded successfully]
[2023-12-23 11:53:51,955: 39: logger: INFO: common:  yaml file: src/params.yaml loaded successfully]
[2023-12-23 11:55:01,849: 39: logger: INFO: common:  yaml file: src/config/config.yaml loaded successfully]
[2023-12-23 11:55:01,852: 39: logger: INFO: common:  yaml file: src/params.yaml loaded successfully]
[2023-12-23 11:55:39,324: 39: logger: INFO: common:  yaml file: src/config/config.yaml loaded successfully]
[2023-12-23 11:55:39,327: 39: logger: INFO: common:  yaml file: src/params.yaml loaded successfully]
[2023-12-23 11:56:06,491: 39: logger: INFO: common:  yaml file: src/config/config.yaml loaded successfully]
[2023-12-23 11:56:06,494: 39: logger: INFO: common:  yaml file: src/params.yaml loaded successfully]
[2023-12-23 11:56:15,735: 62: logger: INFO: common:  yaml file saved at: results/United Kingdom.yaml]
[2023-12-23 11:56:53,041: 39: logger: INFO: common:  yaml file: src/config/config.yaml loaded successfully]
[2023-12-23 11:56:53,045: 39: logger: INFO: common:  yaml file: src/params.yaml loaded successfully]
[2023-12-23 11:57:02,475: 62: logger: INFO: common:  yaml file saved at: results/United Kingdom.yaml]
[2023-12-23 12:05:12,736: 39: logger: INFO: common:  yaml file: src/config/config.yaml loaded successfully]
[2023-12-23 12:05:12,740: 39: logger: INFO: common:  yaml file: src/params.yaml loaded successfully]
[2023-12-23 12:05:28,885: 62: logger: INFO: common:  yaml file saved at: results/United Kingdom.yaml]
[2023-12-23 12:06:36,019: 39: logger: INFO: common:  yaml file: src/config/config.yaml loaded successfully]
[2023-12-23 12:06:36,022: 39: logger: INFO: common:  yaml file: src/params.yaml loaded successfully]
[2023-12-23 12:06:47,842: 62: logger: INFO: common:  yaml file saved at: results/United Kingdom.yaml]
[2023-12-23 12:09:43,823: 40: logger: INFO: common:  yaml file: src/config/config.yaml loaded successfully]
[2023-12-23 12:09:43,826: 40: logger: INFO: common:  yaml file: src/params.yaml loaded successfully]
[2023-12-23 12:09:54,894: 85: logger: INFO: common:  json file saved at: results/United Kingdom.yaml]
[2023-12-23 12:10:17,611: 40: logger: INFO: common:  yaml file: src/config/config.yaml loaded successfully]
[2023-12-23 12:10:17,614: 40: logger: INFO: common:  yaml file: src/params.yaml loaded successfully]
[2023-12-23 12:10:50,545: 40: logger: INFO: common:  yaml file: src/config/config.yaml loaded successfully]
[2023-12-23 12:10:50,548: 40: logger: INFO: common:  yaml file: src/params.yaml loaded successfully]
[2023-12-23 12:11:01,343: 85: logger: INFO: common:  json file saved at: results/United Kingdom.json]
[2023-12-23 12:13:50,352: 40: logger: INFO: common:  yaml file: src/config/config.yaml loaded successfully]
[2023-12-23 12:13:50,355: 40: logger: INFO: common:  yaml file: src/params.yaml loaded successfully]
[2023-12-23 12:15:43,392: 40: logger: INFO: common:  yaml file: src/config/config.yaml loaded successfully]
[2023-12-23 12:15:43,395: 40: logger: INFO: common:  yaml file: src/params.yaml loaded successfully]
[2023-12-23 12:16:34,045: 40: logger: INFO: common:  yaml file: src/config/config.yaml loaded successfully]
[2023-12-23 12:16:34,048: 40: logger: INFO: common:  yaml file: src/params.yaml loaded successfully]
[2023-12-23 12:17:34,499: 40: logger: INFO: common:  yaml file: src/config/config.yaml loaded successfully]
[2023-12-23 12:17:34,502: 40: logger: INFO: common:  yaml file: src/params.yaml loaded successfully]
[2023-12-23 12:31:39,175: 85: logger: INFO: common:  json file saved at: results/Italy.json]
[2023-12-23 12:34:00,736: 40: logger: INFO: common:  yaml file: src/config/config.yaml loaded successfully]
[2023-12-23 12:34:00,739: 40: logger: INFO: common:  yaml file: src/params.yaml loaded successfully]
[2023-12-23 12:48:06,001: 85: logger: INFO: common:  json file saved at: results/Germany.json]
[2023-12-23 13:07:46,743: 85: logger: INFO: common:  json file saved at: results/Russia.json]
[2023-12-23 13:50:45,860: 40: logger: INFO: common:  yaml file: src/config/config.yaml loaded successfully]
[2023-12-23 13:50:45,868: 40: logger: INFO: common:  yaml file: src/params.yaml loaded successfully]
[2023-12-23 14:04:49,985: 85: logger: INFO: common:  json file saved at: results/Italy.json]
[2023-12-23 14:32:46,424: 85: logger: INFO: common:  json file saved at: results/United Kingdom.json]
[2023-12-23 14:46:15,138: 40: logger: INFO: common:  yaml file: src/config/config.yaml loaded successfully]
[2023-12-23 14:46:15,141: 40: logger: INFO: common:  yaml file: src/params.yaml loaded successfully]
[2023-12-23 14:46:39,746: 85: logger: INFO: common:  json file saved at: results/SI/Germany.json]
[2023-12-23 14:48:40,209: 40: logger: INFO: common:  yaml file: src/config/config.yaml loaded successfully]
[2023-12-23 14:48:40,211: 40: logger: INFO: common:  yaml file: src/params.yaml loaded successfully]
[2023-12-23 14:48:49,208: 85: logger: INFO: common:  json file saved at: results/SI/Russia.json]
[2023-12-23 14:49:39,129: 85: logger: INFO: common:  json file saved at: results/SI/Italy.json]
[2023-12-23 14:57:35,922: 40: logger: INFO: common:  yaml file: src/config/config.yaml loaded successfully]
[2023-12-23 14:57:35,926: 40: logger: INFO: common:  yaml file: src/params.yaml loaded successfully]
[2023-12-23 14:57:45,054: 85: logger: INFO: common:  json file saved at: results/SI/Germany.json]
[2023-12-23 14:58:35,873: 85: logger: INFO: common:  json file saved at: results/SI/Russia.json]
[2023-12-23 14:58:58,414: 85: logger: INFO: common:  json file saved at: results/SI/Italy.json]
[2023-12-23 14:59:08,265: 85: logger: INFO: common:  json file saved at: results/SI/United Kingdom.json]
[2023-12-23 15:05:43,828: 109: logger: INFO: common:  json file loaded successfully from: results/ISI/Italy.json]
[2023-12-23 15:05:43,829: 109: logger: INFO: common:  json file loaded successfully from: results/ISI/Germany.json]
[2023-12-23 15:05:43,831: 109: logger: INFO: common:  json file loaded successfully from: results/ISI/Russia.json]
[2023-12-23 15:05:43,832: 109: logger: INFO: common:  json file loaded successfully from: results/ISI/United Kingdom.json]
[2023-12-23 15:09:11,194: 109: logger: INFO: common:  json file loaded successfully from: results/ISI/Italy.json]
[2023-12-23 15:09:19,686: 109: logger: INFO: common:  json file loaded successfully from: results/ISI/Italy.json]
[2023-12-23 15:09:19,689: 109: logger: INFO: common:  json file loaded successfully from: results/ISI/Germany.json]
[2023-12-23 15:09:19,691: 109: logger: INFO: common:  json file loaded successfully from: results/ISI/Russia.json]
[2023-12-23 15:09:19,694: 109: logger: INFO: common:  json file loaded successfully from: results/ISI/United Kingdom.json]
[2023-12-23 15:09:28,003: 109: logger: INFO: common:  json file loaded successfully from: results/ISI/Italy.json]
[2023-12-23 15:09:28,006: 109: logger: INFO: common:  json file loaded successfully from: results/ISI/Germany.json]
[2023-12-23 15:09:28,009: 109: logger: INFO: common:  json file loaded successfully from: results/ISI/Russia.json]
[2023-12-23 15:09:28,012: 109: logger: INFO: common:  json file loaded successfully from: results/ISI/United Kingdom.json]
[2023-12-23 15:09:29,424: 109: logger: INFO: common:  json file loaded successfully from: results/ISI/Italy.json]
[2023-12-23 15:09:29,427: 109: logger: INFO: common:  json file loaded successfully from: results/ISI/Germany.json]
[2023-12-23 15:09:29,430: 109: logger: INFO: common:  json file loaded successfully from: results/ISI/Russia.json]
[2023-12-23 15:09:29,432: 109: logger: INFO: common:  json file loaded successfully from: results/ISI/United Kingdom.json]
[2023-12-23 15:12:35,853: 40: logger: INFO: common:  yaml file: src/config/config.yaml loaded successfully]
[2023-12-23 15:12:35,856: 40: logger: INFO: common:  yaml file: src/params.yaml loaded successfully]
[2023-12-23 15:12:43,516: 109: logger: INFO: common:  json file loaded successfully from: results/ISI/Italy.json]
[2023-12-23 15:12:43,520: 109: logger: INFO: common:  json file loaded successfully from: results/ISI/Germany.json]
[2023-12-23 15:12:43,522: 109: logger: INFO: common:  json file loaded successfully from: results/ISI/Russia.json]
[2023-12-23 15:12:43,525: 109: logger: INFO: common:  json file loaded successfully from: results/ISI/United Kingdom.json]
[2023-12-23 15:15:03,819: 40: logger: INFO: common:  yaml file: src/config/config.yaml loaded successfully]
[2023-12-23 15:15:03,822: 40: logger: INFO: common:  yaml file: src/params.yaml loaded successfully]
[2023-12-23 15:15:05,549: 109: logger: INFO: common:  json file loaded successfully from: results/ISI/Italy.json]
[2023-12-23 15:15:05,553: 109: logger: INFO: common:  json file loaded successfully from: results/ISI/Germany.json]
[2023-12-23 15:15:05,557: 109: logger: INFO: common:  json file loaded successfully from: results/ISI/Russia.json]
[2023-12-23 15:15:05,560: 109: logger: INFO: common:  json file loaded successfully from: results/ISI/United Kingdom.json]
